[L]2023-11-20 14:05:25.240|5_46875416077547521| INF |DESKTOP-4PAEICH|pool-1-thread-1|app.go|45|0|System|Nil|"framework initialize ..."| 
[L]2023-11-20 14:05:25.253|6_46875416094324737| INF |DESKTOP-4PAEICH|pool-1-thread-1|grpc.go|105|ConnectGrpcServers|System|Nil|"building grpc conn for:storage:localhost:9702"| 
[L]2023-11-20 14:05:25.255|7_46875416094390273| INF |DESKTOP-4PAEICH|pool-1-thread-1|grpc.go|105|ConnectGrpcServers|System|Nil|"building grpc conn for:organization:<nil>"| 
[L]2023-11-20 14:05:25.257|8_46875416094455809| INF |DESKTOP-4PAEICH|pool-1-thread-1|grpc.go|105|ConnectGrpcServers|System|Nil|"building grpc conn for:user:localhost:9602"| 
[L]2023-11-20 14:05:25.260|9_46875416111101953| INF |DESKTOP-4PAEICH|pool-1-thread-1|database.go|33|0|System|Nil|"initialize database ..."| 
[L]2023-11-20 14:05:25.262|10_46875416111167489| INF |DESKTOP-4PAEICH|pool-1-thread-1|database.go|35|0|System|Nil|"initialize mongo ..."| 
[L]2023-11-20 14:05:25.263|11_46875416111233025| INF |DESKTOP-4PAEICH|pool-1-thread-1|database.go|45|0|System|Nil|"mongo connectstring = 'mongodb://localhost'"| 
[L]2023-11-20 14:05:25.336|12_46875416228542465| INF |DESKTOP-4PAEICH|pool-1-thread-1|database.go|138|0|System|Nil|"initialize redis ..."| 
[L]2023-11-20 14:05:25.337|13_46875416228608001| INF |DESKTOP-4PAEICH|pool-1-thread-1|database.go|168|0|System|Nil|"redis host = '[localhost:6379]'"| 
[L]2023-11-20 14:05:25.399|14_46875416329205761| FAT |DESKTOP-4PAEICH|pool-1-thread-1|database.go|222|0|System|Nil|"dial tcp [::1]:6379: connectex: No connection could be made because the target machine actively refused it."| 
[L]2023-11-20 14:08:32.900|5_46875730918782977| INF |DESKTOP-4PAEICH|pool-1-thread-1|app.go|45|0|System|Nil|"framework initialize ..."| 
[L]2023-11-20 14:08:32.910|6_46875730935560193| INF |DESKTOP-4PAEICH|pool-1-thread-1|grpc.go|105|ConnectGrpcServers|System|Nil|"building grpc conn for:user:localhost:9602"| 
[L]2023-11-20 14:08:32.912|7_46875730935625729| INF |DESKTOP-4PAEICH|pool-1-thread-1|grpc.go|105|ConnectGrpcServers|System|Nil|"building grpc conn for:storage:localhost:9702"| 
[L]2023-11-20 14:08:32.913|8_46875730935691265| INF |DESKTOP-4PAEICH|pool-1-thread-1|grpc.go|105|ConnectGrpcServers|System|Nil|"building grpc conn for:organization:<nil>"| 
[L]2023-11-20 14:08:32.916|9_46875730935756801| INF |DESKTOP-4PAEICH|pool-1-thread-1|database.go|33|0|System|Nil|"initialize database ..."| 
[L]2023-11-20 14:08:32.918|10_46875730935822337| INF |DESKTOP-4PAEICH|pool-1-thread-1|database.go|35|0|System|Nil|"initialize mongo ..."| 
[L]2023-11-20 14:08:32.918|11_46875730935887873| INF |DESKTOP-4PAEICH|pool-1-thread-1|database.go|45|0|System|Nil|"mongo connectstring = 'mongodb://localhost'"| 
[L]2023-11-20 14:08:32.954|12_46875731002669057| INF |DESKTOP-4PAEICH|pool-1-thread-1|database.go|138|0|System|Nil|"initialize redis ..."| 
[L]2023-11-20 14:08:32.955|13_46875731002734593| INF |DESKTOP-4PAEICH|pool-1-thread-1|database.go|168|0|System|Nil|"redis host = '[localhost:6379]'"| 
[L]2023-11-20 14:08:32.965|14_46875731019446273| DBG |DESKTOP-4PAEICH|pool-1-thread-1|mongo.go|125|GetCollection|System|Nil|"append new collection 'class' database = []"| 
[L]2023-11-20 14:08:32.968|15_46875731019511809| DBG |DESKTOP-4PAEICH|pool-1-thread-1|mongo.go|125|GetCollection|System|Nil|"append new collection 'tag' database = []"| 
[L]2023-11-20 14:08:32.968|16_46875731019577345| DBG |DESKTOP-4PAEICH|pool-1-thread-1|mongo.go|125|GetCollection|System|Nil|"append new collection 'config' database = []"| 
[L]2023-11-20 14:08:32.969|17_46875731019642881| DBG |DESKTOP-4PAEICH|pool-1-thread-1|mongo.go|125|GetCollection|System|Nil|"append new collection 'asset' database = []"| 
[L]2023-11-20 14:08:32.970|18_46875731036223489| DBG |DESKTOP-4PAEICH|pool-1-thread-1|mongo.go|125|GetCollection|System|Nil|"append new collection 'publicAsset' database = []"| 
[L]2023-11-20 14:08:32.971|19_46875731036289025| DBG |DESKTOP-4PAEICH|pool-1-thread-1|mongo.go|125|GetCollection|System|Nil|"append new collection 'privateAsset' database = []"| 
[L]2023-11-20 14:08:32.972|20_46875731036354561| DBG |DESKTOP-4PAEICH|pool-1-thread-1|mongo.go|125|GetCollection|System|Nil|"append new collection 'tenantAsset' database = []"| 
[L]2023-11-20 14:08:32.972|21_46875731036420097| DBG |DESKTOP-4PAEICH|pool-1-thread-1|mongo.go|125|GetCollection|System|Nil|"append new collection 'instanceScopeID' database = []"| 
[L]2023-11-20 14:08:32.985|22_46875731053000705| DBG |DESKTOP-4PAEICH|pool-1-thread-2|bus.go|96|func1|System|Nil|"call log.info args = [Listening and serving HTTP on listener what's bind with address  localhost:8085]"| 
[L]2023-11-20 14:08:32.989|23_46875731069777921| INF |DESKTOP-4PAEICH|pool-1-thread-2|value.go|596|call|System|Nil|"Listening and serving HTTP on listener what's bind with address localhost:8085"| 
[L]2023-11-20 14:09:16.584|24_46875804201662465| ERR |DESKTOP-4PAEICH|pool-1-thread-3|ClassRouter.go|37|AddClass|System|Nil|"EOF"| 
[L]2023-11-20 14:09:16.590|25_46875804218439681| ERR |DESKTOP-4PAEICH|pool-1-thread-3|errors.go|138|gitlab.zixel.cn/go/framework.NewServiceError|System|Nil|"[errors.go:126] 0x1715785 error code = 40001, message = EOF"| 
[L]2023-11-20 14:09:16.591|26_46875804218505217| ERR |DESKTOP-4PAEICH|pool-1-thread-3|errors.go|112|Error|System|Nil|"
---Error Message: EOF
---C:/Users/92346/Desktop/zixel/asset-library/framework/errors.go:148 (0x1715b2c)
---C:/Users/92346/Desktop/zixel/asset-library/src/restful/router/ClassRouter.go:38 (0x1aa005e)
---C:/Users/92346/go/pkg/mod/github.com/gin-gonic/gin@v1.8.1/context.go:173 (0xc4f4ca)
---C:/Users/92346/Desktop/zixel/asset-library/framework/errors.go:42 (0x171d4c9)
---C:/Users/92346/go/pkg/mod/github.com/gin-gonic/gin@v1.8.1/context.go:173 (0xc5b379)
---C:/Users/92346/go/pkg/mod/github.com/gin-gonic/gin@v1.8.1/recovery.go:101 (0xc5b367)
---C:/Users/92346/go/pkg/mod/github.com/gin-gonic/gin@v1.8.1/context.go:173 (0xc4f4ca)
---C:/Users/92346/Desktop/zixel/asset-library/framework/server.go:187 (0x171d2e5)
---C:/Users/92346/go/pkg/mod/github.com/gin-gonic/gin@v1.8.1/context.go:173 (0xc5a2ba)
---C:/Users/92346/go/pkg/mod/github.com/gin-gonic/gin@v1.8.1/gin.go:616 (0xc59f4d)
---C:/Users/92346/go/pkg/mod/github.com/gin-gonic/gin@v1.8.1/gin.go:572 (0xc59a7c)
---C:/Program Files/Go/src/net/http/server.go:2938 (0xa1378d)
---C:/Program Files/Go/src/net/http/server.go:2009 (0xa0f673)
---C:/Program Files/Go/src/runtime/asm_amd64.s:1650 (0x66bd20)
"| 
[L]2023-11-20 15:16:23.079|27_46882559547684865| DBG |DESKTOP-4PAEICH|pool-1-thread-4|bus.go|96|func1|System|Nil|"call ExitWebServer args = []"| 
[L]2023-11-20 15:16:23.080|28_46882559547750401| DBG |DESKTOP-4PAEICH|pool-1-thread-5|bus.go|96|func1|System|Nil|"call Quit args = [interrupt]"| 
[L]2023-11-20 15:16:23.080|29_46882559547815937| DBG |DESKTOP-4PAEICH|pool-1-thread-6|bus.go|96|func1|System|Nil|"call Quit args = [interrupt]"| 
[L]2023-11-20 15:16:23.080|30_46882559547881473| DBG |DESKTOP-4PAEICH|pool-1-thread-7|bus.go|96|func1|System|Nil|"call ExitRpcServer args = []"| 
[L]2023-11-20 15:16:23.087|31_46882559547947009| DBG |DESKTOP-4PAEICH|pool-1-thread-8|bus.go|96|func1|System|Nil|"call log.info args = [grpc server is closeing...]"| 
[L]2023-11-20 15:16:23.089|32_46882559548012545| DBG |DESKTOP-4PAEICH|pool-1-thread-9|bus.go|96|func1|System|Nil|"call WebServerExited args = []"| 
[L]2023-11-20 15:16:23.092|33_46882559564462081| DBG |DESKTOP-4PAEICH|pool-1-thread-10|bus.go|96|func1|System|Nil|"call log.info args = [Web server is closed. exit code =  0]"| 
[L]2023-11-20 15:16:23.093|34_46882559564527617| INF |DESKTOP-4PAEICH|pool-1-thread-10|value.go|596|call|System|Nil|"Web server is closed. exit code = 0"| 
[L]2023-11-20 15:16:23.089|35_46882559564593153| INF |DESKTOP-4PAEICH|pool-1-thread-8|value.go|596|call|System|Nil|"grpc server is closeing..."| 
[L]2023-11-20 15:16:23.092|36_46882559564658689| DBG |DESKTOP-4PAEICH|pool-1-thread-6|bus.go|100|1|System|Nil|"call Quit error, stack frames :
    Error Message: reflect: Call with too many input arguments
    C:/Users/92346/Desktop/zixel/asset-library/framework/bus/bus.go:100 (0x171106a)
    C:/Program Files/Go/src/runtime/panic.go:914 (0x63b11e)
    C:/Program Files/Go/src/reflect/value.go:442 (0x719d8d)
    C:/Program Files/Go/src/reflect/value.go:380 (0x717ef8)
    C:/Users/92346/Desktop/zixel/asset-library/framework/bus/bus.go:104 (0x1710fc4)
    C:/Program Files/Go/src/runtime/asm_amd64.s:1650 (0x66bd20)
"| 
[L]2023-11-20 15:16:23.091|37_46882559581239297| DBG |DESKTOP-4PAEICH|pool-1-thread-11|bus.go|96|func1|System|Nil|"call log.info args = [grpc server is closed.]"| 
[L]2023-11-20 15:16:23.090|38_46882559581304833| DBG |DESKTOP-4PAEICH|pool-1-thread-12|bus.go|96|func1|System|Nil|"call log.info args = [web server is closed.]"| 
[L]2023-11-20 15:16:23.091|39_46882559581370369| WAR |DESKTOP-4PAEICH|pool-1-thread-13|bus.go|85|Publish|System|Nil|"not found handlers in topic:RpcServerExited"| 
[L]2023-11-20 15:16:23.090|40_46882559581435905| DBG |DESKTOP-4PAEICH|pool-1-thread-14|bus.go|96|func1|System|Nil|"call log.error args = [http: Server closed]"| 
[L]2023-11-20 15:16:23.092|41_46882559581501441| DBG |DESKTOP-4PAEICH|pool-1-thread-5|bus.go|100|1|System|Nil|"call Quit error, stack frames :
    Error Message: reflect: Call with too many input arguments
    C:/Users/92346/Desktop/zixel/asset-library/framework/bus/bus.go:100 (0x171106a)
    C:/Program Files/Go/src/runtime/panic.go:914 (0x63b11e)
    C:/Program Files/Go/src/reflect/value.go:442 (0x719d8d)
    C:/Program Files/Go/src/reflect/value.go:380 (0x717ef8)
    C:/Users/92346/Desktop/zixel/asset-library/framework/bus/bus.go:104 (0x1710fc4)
    C:/Program Files/Go/src/runtime/asm_amd64.s:1650 (0x66bd20)
"| 
[L]2023-11-20 15:16:23.102|42_46882559581566977| INF |DESKTOP-4PAEICH|pool-1-thread-12|value.go|596|call|System|Nil|"web server is closed."| 
[L]2023-11-20 15:16:23.101|43_46882559581632513| INF |DESKTOP-4PAEICH|pool-1-thread-11|value.go|596|call|System|Nil|"grpc server is closed."| 
[L]2023-11-20 15:16:23.103|44_46882559581698049| ERR |DESKTOP-4PAEICH|pool-1-thread-14|value.go|596|call|System|Nil|"http: Server closed"| 
[L]2023-11-20 15:17:44.671|5_46882696432990209| INF |DESKTOP-4PAEICH|pool-1-thread-1|app.go|45|0|System|Nil|"framework initialize ..."| 
[L]2023-11-20 15:17:44.676|6_46882696433055745| INF |DESKTOP-4PAEICH|pool-1-thread-1|grpc.go|105|ConnectGrpcServers|System|Nil|"building grpc conn for:user:localhost:9602"| 
[L]2023-11-20 15:17:44.678|7_46882696433121281| INF |DESKTOP-4PAEICH|pool-1-thread-1|grpc.go|105|ConnectGrpcServers|System|Nil|"building grpc conn for:storage:localhost:9702"| 
[L]2023-11-20 15:17:44.680|8_46882696449767425| INF |DESKTOP-4PAEICH|pool-1-thread-1|grpc.go|105|ConnectGrpcServers|System|Nil|"building grpc conn for:organization:<nil>"| 
[L]2023-11-20 15:17:44.682|9_46882696449832961| INF |DESKTOP-4PAEICH|pool-1-thread-1|database.go|33|0|System|Nil|"initialize database ..."| 
[L]2023-11-20 15:17:44.685|10_46882696449898497| INF |DESKTOP-4PAEICH|pool-1-thread-1|database.go|35|0|System|Nil|"initialize mongo ..."| 
[L]2023-11-20 15:17:44.686|11_46882696449964033| INF |DESKTOP-4PAEICH|pool-1-thread-1|database.go|45|0|System|Nil|"mongo connectstring = 'mongodb://localhost'"| 
[L]2023-11-20 15:17:44.708|12_46882696483321857| INF |DESKTOP-4PAEICH|pool-1-thread-1|database.go|138|0|System|Nil|"initialize redis ..."| 
[L]2023-11-20 15:17:44.708|13_46882696483387393| INF |DESKTOP-4PAEICH|pool-1-thread-1|database.go|168|0|System|Nil|"redis host = '[localhost:6379]'"| 
[L]2023-11-20 15:17:44.720|14_46882696516876289| DBG |DESKTOP-4PAEICH|pool-1-thread-1|mongo.go|125|GetCollection|System|Nil|"append new collection 'class' database = []"| 
[L]2023-11-20 15:17:44.720|15_46882696516941825| DBG |DESKTOP-4PAEICH|pool-1-thread-1|mongo.go|125|GetCollection|System|Nil|"append new collection 'tag' database = []"| 
[L]2023-11-20 15:17:44.721|16_46882696517007361| DBG |DESKTOP-4PAEICH|pool-1-thread-1|mongo.go|125|GetCollection|System|Nil|"append new collection 'config' database = []"| 
[L]2023-11-20 15:17:44.722|17_46882696517072897| DBG |DESKTOP-4PAEICH|pool-1-thread-1|mongo.go|125|GetCollection|System|Nil|"append new collection 'asset' database = []"| 
[L]2023-11-20 15:17:44.723|18_46882696517138433| DBG |DESKTOP-4PAEICH|pool-1-thread-1|mongo.go|125|GetCollection|System|Nil|"append new collection 'publicAsset' database = []"| 
[L]2023-11-20 15:17:44.723|19_46882696517203969| DBG |DESKTOP-4PAEICH|pool-1-thread-1|mongo.go|125|GetCollection|System|Nil|"append new collection 'privateAsset' database = []"| 
[L]2023-11-20 15:17:44.724|20_46882696517269505| DBG |DESKTOP-4PAEICH|pool-1-thread-1|mongo.go|125|GetCollection|System|Nil|"append new collection 'tenantAsset' database = []"| 
[L]2023-11-20 15:17:44.724|21_46882696517335041| DBG |DESKTOP-4PAEICH|pool-1-thread-1|mongo.go|125|GetCollection|System|Nil|"append new collection 'instanceScopeID' database = []"| 
[L]2023-11-20 15:17:44.730|22_46882696533653505| DBG |DESKTOP-4PAEICH|pool-1-thread-2|bus.go|96|func1|System|Nil|"call log.info args = [Listening and serving HTTP on listener what's bind with address  localhost:8085]"| 
[L]2023-11-20 15:17:44.732|23_46882696533719041| INF |DESKTOP-4PAEICH|pool-1-thread-2|value.go|596|call|System|Nil|"Listening and serving HTTP on listener what's bind with address localhost:8085"| 
