[L]2023-11-08 16:17:49.921|27_45149283283908609| DBG |DESKTOP-4PAEICH|pool-1-thread-4|bus.go|96|func1|System|Nil|"call ExitRpcServer args = []"| 
[L]2023-11-08 16:17:49.921|28_45149283300685825| DBG |DESKTOP-4PAEICH|pool-1-thread-5|bus.go|96|func1|System|Nil|"call Quit args = [interrupt]"| 
[L]2023-11-08 16:17:49.932|29_45149283300751361| DBG |DESKTOP-4PAEICH|pool-1-thread-6|bus.go|96|func1|System|Nil|"call log.info args = [grpc server is closed.]"| 
[L]2023-11-08 16:17:49.922|30_45149283300816897| DBG |DESKTOP-4PAEICH|pool-1-thread-7|bus.go|96|func1|System|Nil|"call ExitWebServer args = []"| 
[L]2023-11-08 16:17:49.931|31_45149283300882433| DBG |DESKTOP-4PAEICH|pool-1-thread-8|bus.go|96|func1|System|Nil|"call log.info args = [grpc server is closeing...]"| 
[L]2023-11-08 16:17:49.934|32_45149283300947969| DBG |DESKTOP-4PAEICH|pool-1-thread-5|bus.go|100|1|System|Nil|"call Quit error, stack frames :
    Error Message: reflect: Call with too many input arguments
    C:/Users/92346/Desktop/zixel/asset-library/framework/bus/bus.go:100 (0x195102a)
    C:/Program Files/Go/src/runtime/panic.go:914 (0x87b11e)
    C:/Program Files/Go/src/reflect/value.go:442 (0x959d8d)
    C:/Program Files/Go/src/reflect/value.go:380 (0x957ef8)
    C:/Users/92346/Desktop/zixel/asset-library/framework/bus/bus.go:104 (0x1950f84)
    C:/Program Files/Go/src/runtime/asm_amd64.s:1650 (0x8abd20)
"| 
[L]2023-11-08 16:17:49.922|33_45149283301013505| DBG |DESKTOP-4PAEICH|pool-1-thread-9|bus.go|96|func1|System|Nil|"call Quit args = [interrupt]"| 
[L]2023-11-08 16:17:49.932|34_45149283301079041| WAR |DESKTOP-4PAEICH|pool-1-thread-10|bus.go|85|Publish|System|Nil|"not found handlers in topic:RpcServerExited"| 
[L]2023-11-08 16:17:49.936|35_45149283301144577| INF |DESKTOP-4PAEICH|pool-1-thread-8|value.go|596|call|System|Nil|"grpc server is closeing..."| 
[L]2023-11-08 16:17:49.933|36_45149283301210113| INF |DESKTOP-4PAEICH|pool-1-thread-6|value.go|596|call|System|Nil|"grpc server is closed."| 
[L]2023-11-08 16:17:49.937|37_45149283317463041| DBG |DESKTOP-4PAEICH|pool-1-thread-11|bus.go|96|func1|System|Nil|"call log.error args = [http: Server closed]"| 
[L]2023-11-08 16:17:49.937|38_45149283317528577| DBG |DESKTOP-4PAEICH|pool-1-thread-12|bus.go|96|func1|System|Nil|"call WebServerExited args = []"| 
[L]2023-11-08 16:17:49.937|39_45149283317594113| DBG |DESKTOP-4PAEICH|pool-1-thread-13|bus.go|96|func1|System|Nil|"call log.info args = [web server is closed.]"| 
[L]2023-11-08 16:17:49.938|40_45149283317659649| DBG |DESKTOP-4PAEICH|pool-1-thread-9|bus.go|100|1|System|Nil|"call Quit error, stack frames :
    Error Message: reflect: Call with too many input arguments
    C:/Users/92346/Desktop/zixel/asset-library/framework/bus/bus.go:100 (0x195102a)
    C:/Program Files/Go/src/runtime/panic.go:914 (0x87b11e)
    C:/Program Files/Go/src/reflect/value.go:442 (0x959d8d)
    C:/Program Files/Go/src/reflect/value.go:380 (0x957ef8)
    C:/Users/92346/Desktop/zixel/asset-library/framework/bus/bus.go:104 (0x1950f84)
    C:/Program Files/Go/src/runtime/asm_amd64.s:1650 (0x8abd20)
"| 
[L]2023-11-08 16:17:49.941|41_45149283317725185| DBG |DESKTOP-4PAEICH|pool-1-thread-14|bus.go|96|func1|System|Nil|"call log.info args = [Web server is closed. exit code =  0]"| 
[L]2023-11-08 16:17:49.941|42_45149283317790721| INF |DESKTOP-4PAEICH|pool-1-thread-13|value.go|596|call|System|Nil|"web server is closed."| 
[L]2023-11-08 16:17:49.941|43_45149283317856257| ERR |DESKTOP-4PAEICH|pool-1-thread-11|value.go|596|call|System|Nil|"http: Server closed"| 
[L]2023-11-08 16:17:49.944|44_45149283317921793| INF |DESKTOP-4PAEICH|pool-1-thread-14|value.go|596|call|System|Nil|"Web server is closed. exit code = 0"| 
[L]2023-11-08 17:19:46.658|5_45155518922110977| INF |DESKTOP-4PAEICH|pool-1-thread-1|app.go|45|0|System|Nil|"framework initialize ..."| 
[L]2023-11-08 17:19:46.667|6_45155518938888193| INF |DESKTOP-4PAEICH|pool-1-thread-1|grpc.go|105|ConnectGrpcServers|System|Nil|"building grpc conn for:storage:localhost:9702"| 
[L]2023-11-08 17:19:46.668|7_45155518938953729| INF |DESKTOP-4PAEICH|pool-1-thread-1|grpc.go|105|ConnectGrpcServers|System|Nil|"building grpc conn for:organization:<nil>"| 
[L]2023-11-08 17:19:46.668|8_45155518939019265| INF |DESKTOP-4PAEICH|pool-1-thread-1|grpc.go|105|ConnectGrpcServers|System|Nil|"building grpc conn for:user:localhost:9602"| 
[L]2023-11-08 17:19:46.670|9_45155518955665409| INF |DESKTOP-4PAEICH|pool-1-thread-1|database.go|33|0|System|Nil|"initialize database ..."| 
[L]2023-11-08 17:19:46.670|10_45155518955730945| INF |DESKTOP-4PAEICH|pool-1-thread-1|database.go|35|0|System|Nil|"initialize mongo ..."| 
[L]2023-11-08 17:19:46.670|11_45155518955796481| INF |DESKTOP-4PAEICH|pool-1-thread-1|database.go|45|0|System|Nil|"mongo connectstring = 'mongodb://localhost'"| 
[L]2023-11-08 17:19:46.705|12_45155519005997057| INF |DESKTOP-4PAEICH|pool-1-thread-1|database.go|138|0|System|Nil|"initialize redis ..."| 
[L]2023-11-08 17:19:46.706|13_45155519006062593| INF |DESKTOP-4PAEICH|pool-1-thread-1|database.go|168|0|System|Nil|"redis host = '[localhost:6379]'"| 
[L]2023-11-08 17:19:46.714|14_45155519022774273| DBG |DESKTOP-4PAEICH|pool-1-thread-1|mongo.go|125|GetCollection|System|Nil|"append new collection 'class' database = []"| 
[L]2023-11-08 17:19:46.716|15_45155519022839809| DBG |DESKTOP-4PAEICH|pool-1-thread-1|mongo.go|125|GetCollection|System|Nil|"append new collection 'tag' database = []"| 
[L]2023-11-08 17:19:46.716|16_45155519022905345| DBG |DESKTOP-4PAEICH|pool-1-thread-1|mongo.go|125|GetCollection|System|Nil|"append new collection 'config' database = []"| 
[L]2023-11-08 17:19:46.717|17_45155519022970881| DBG |DESKTOP-4PAEICH|pool-1-thread-1|mongo.go|125|GetCollection|System|Nil|"append new collection 'asset' database = []"| 
[L]2023-11-08 17:19:46.717|18_45155519023036417| DBG |DESKTOP-4PAEICH|pool-1-thread-1|mongo.go|125|GetCollection|System|Nil|"append new collection 'publicAsset' database = []"| 
[L]2023-11-08 17:19:46.718|19_45155519023101953| DBG |DESKTOP-4PAEICH|pool-1-thread-1|mongo.go|125|GetCollection|System|Nil|"append new collection 'privateAsset' database = []"| 
[L]2023-11-08 17:19:46.718|20_45155519023167489| DBG |DESKTOP-4PAEICH|pool-1-thread-1|mongo.go|125|GetCollection|System|Nil|"append new collection 'tenantAsset' database = []"| 
[L]2023-11-08 17:19:46.719|21_45155519023233025| DBG |DESKTOP-4PAEICH|pool-1-thread-1|mongo.go|125|GetCollection|System|Nil|"append new collection 'instanceScopeID' database = []"| 
[L]2023-11-08 17:19:46.724|22_45155519039551489| DBG |DESKTOP-4PAEICH|pool-1-thread-2|bus.go|96|func1|System|Nil|"call log.info args = [Listening and serving HTTP on listener what's bind with address  localhost:8085]"| 
[L]2023-11-08 17:19:46.725|23_45155519039617025| INF |DESKTOP-4PAEICH|pool-1-thread-2|value.go|596|call|System|Nil|"Listening and serving HTTP on listener what's bind with address localhost:8085"| 
[L]2023-11-08 17:21:13.090|24_45155663944366081| ERR |DESKTOP-4PAEICH|pool-1-thread-3|errors.go|138|gitlab.zixel.cn/go/framework.NewServiceError|System|Nil|"[errors.go:126] 0x12b5745 error code = 1001, message = MaxSize cannot be nil"| 
[L]2023-11-08 17:21:13.092|25_45155663944431617| ERR |DESKTOP-4PAEICH|pool-1-thread-3|errors.go|112|Error|System|Nil|"
---Error Message: MaxSize cannot be nil
---C:/Users/92346/Desktop/zixel/asset-library/framework/errors.go:148 (0x12b5aec)
---C:/Users/92346/Desktop/zixel/asset-library/src/restful/router/ClassRouter.go:27 (0x1636bf2)
---C:/Users/92346/Desktop/zixel/asset-library/src/restful/router/ClassRouter.go:44 (0x1636aa8)
---C:/Users/92346/go/pkg/mod/github.com/gin-gonic/gin@v1.8.1/context.go:173 (0x7ef4ca)
---C:/Users/92346/Desktop/zixel/asset-library/framework/errors.go:42 (0x12bd489)
---C:/Users/92346/go/pkg/mod/github.com/gin-gonic/gin@v1.8.1/context.go:173 (0x7fb379)
---C:/Users/92346/go/pkg/mod/github.com/gin-gonic/gin@v1.8.1/recovery.go:101 (0x7fb367)
---C:/Users/92346/go/pkg/mod/github.com/gin-gonic/gin@v1.8.1/context.go:173 (0x7ef4ca)
---C:/Users/92346/Desktop/zixel/asset-library/framework/server.go:187 (0x12bd2a5)
---C:/Users/92346/go/pkg/mod/github.com/gin-gonic/gin@v1.8.1/context.go:173 (0x7fa2ba)
---C:/Users/92346/go/pkg/mod/github.com/gin-gonic/gin@v1.8.1/gin.go:616 (0x7f9f4d)
---C:/Users/92346/go/pkg/mod/github.com/gin-gonic/gin@v1.8.1/gin.go:572 (0x7f9a7c)
---C:/Program Files/Go/src/net/http/server.go:2938 (0x5b378d)
---C:/Program Files/Go/src/net/http/server.go:2009 (0x5af673)
---C:/Program Files/Go/src/runtime/asm_amd64.s:1650 (0x20bd20)
"| 
[L]2023-11-08 17:23:31.995|26_45155896979896321| DBG |DESKTOP-4PAEICH|pool-1-thread-4|bus.go|96|func1|System|Nil|"call Quit args = [interrupt]"| 
[L]2023-11-08 17:23:31.995|27_45155896979961857| DBG |DESKTOP-4PAEICH|pool-1-thread-5|bus.go|96|func1|System|Nil|"call ExitRpcServer args = []"| 
[L]2023-11-08 17:23:31.995|28_45155896980027393| DBG |DESKTOP-4PAEICH|pool-1-thread-6|bus.go|96|func1|System|Nil|"call ExitWebServer args = []"| 
[L]2023-11-08 17:23:31.996|29_45155896980092929| DBG |DESKTOP-4PAEICH|pool-1-thread-7|bus.go|96|func1|System|Nil|"call log.info args = [grpc server is closeing...]"| 
[L]2023-11-08 17:23:31.995|30_45155896980158465| DBG |DESKTOP-4PAEICH|pool-1-thread-4|bus.go|100|1|System|Nil|"call Quit error, stack frames :
    Error Message: reflect: Call with too many input arguments
    C:/Users/92346/Desktop/zixel/asset-library/framework/bus/bus.go:100 (0x12b102a)
    C:/Program Files/Go/src/runtime/panic.go:914 (0x1db11e)
    C:/Program Files/Go/src/reflect/value.go:442 (0x2b9d8d)
    C:/Program Files/Go/src/reflect/value.go:380 (0x2b7ef8)
    C:/Users/92346/Desktop/zixel/asset-library/framework/bus/bus.go:104 (0x12b0f84)
    C:/Program Files/Go/src/runtime/asm_amd64.s:1650 (0x20bd20)
"| 
[L]2023-11-08 17:23:31.997|31_45155896980224001| INF |DESKTOP-4PAEICH|pool-1-thread-7|value.go|596|call|System|Nil|"grpc server is closeing..."| 
[L]2023-11-08 17:23:31.996|32_45155896980289537| DBG |DESKTOP-4PAEICH|pool-1-thread-8|bus.go|96|func1|System|Nil|"call log.info args = [grpc server is closed.]"| 
[L]2023-11-08 17:23:31.996|33_45155896980355073| WAR |DESKTOP-4PAEICH|pool-1-thread-9|bus.go|85|Publish|System|Nil|"not found handlers in topic:RpcServerExited"| 
[L]2023-11-08 17:23:31.999|34_45155896996673537| INF |DESKTOP-4PAEICH|pool-1-thread-8|value.go|596|call|System|Nil|"grpc server is closed."| 
[L]2023-11-08 17:23:31.995|35_45155896996739073| DBG |DESKTOP-4PAEICH|pool-1-thread-10|bus.go|96|func1|System|Nil|"call Quit args = [interrupt]"| 
[L]2023-11-08 17:23:31.997|36_45155896996804609| DBG |DESKTOP-4PAEICH|pool-1-thread-11|bus.go|96|func1|System|Nil|"call log.error args = [http: Server closed]"| 
[L]2023-11-08 17:23:31.997|37_45155896996870145| DBG |DESKTOP-4PAEICH|pool-1-thread-12|bus.go|96|func1|System|Nil|"call WebServerExited args = []"| 
[L]2023-11-08 17:23:31.997|38_45155896996935681| DBG |DESKTOP-4PAEICH|pool-1-thread-13|bus.go|96|func1|System|Nil|"call log.info args = [web server is closed.]"| 
[L]2023-11-08 17:23:32.001|39_45155896997001217| DBG |DESKTOP-4PAEICH|pool-1-thread-10|bus.go|100|1|System|Nil|"call Quit error, stack frames :
    Error Message: reflect: Call with too many input arguments
    C:/Users/92346/Desktop/zixel/asset-library/framework/bus/bus.go:100 (0x12b102a)
    C:/Program Files/Go/src/runtime/panic.go:914 (0x1db11e)
    C:/Program Files/Go/src/reflect/value.go:442 (0x2b9d8d)
    C:/Program Files/Go/src/reflect/value.go:380 (0x2b7ef8)
    C:/Users/92346/Desktop/zixel/asset-library/framework/bus/bus.go:104 (0x12b0f84)
    C:/Program Files/Go/src/runtime/asm_amd64.s:1650 (0x20bd20)
"| 
[L]2023-11-08 17:23:32.004|40_45155896997066753| INF |DESKTOP-4PAEICH|pool-1-thread-13|value.go|596|call|System|Nil|"web server is closed."| 
[L]2023-11-08 17:23:32.003|41_45155896997132289| DBG |DESKTOP-4PAEICH|pool-1-thread-14|bus.go|96|func1|System|Nil|"call log.info args = [Web server is closed. exit code =  0]"| 
[L]2023-11-08 17:23:32.005|42_45155896997197825| INF |DESKTOP-4PAEICH|pool-1-thread-14|value.go|596|call|System|Nil|"Web server is closed. exit code = 0"| 
[L]2023-11-08 17:23:32.002|43_45155896997263361| ERR |DESKTOP-4PAEICH|pool-1-thread-11|value.go|596|call|System|Nil|"http: Server closed"| 
[L]2023-11-08 17:23:43.577|5_45155916408043521| INF |DESKTOP-4PAEICH|pool-1-thread-1|app.go|45|0|System|Nil|"framework initialize ..."| 
[L]2023-11-08 17:23:43.583|6_45155916424689665| INF |DESKTOP-4PAEICH|pool-1-thread-1|grpc.go|105|ConnectGrpcServers|System|Nil|"building grpc conn for:user:localhost:9602"| 
[L]2023-11-08 17:23:43.584|7_45155916424755201| INF |DESKTOP-4PAEICH|pool-1-thread-1|grpc.go|105|ConnectGrpcServers|System|Nil|"building grpc conn for:storage:localhost:9702"| 
[L]2023-11-08 17:23:43.584|8_45155916424820737| INF |DESKTOP-4PAEICH|pool-1-thread-1|grpc.go|105|ConnectGrpcServers|System|Nil|"building grpc conn for:organization:<nil>"| 
[L]2023-11-08 17:23:43.585|9_45155916424886273| INF |DESKTOP-4PAEICH|pool-1-thread-1|database.go|33|0|System|Nil|"initialize database ..."| 
[L]2023-11-08 17:23:43.585|10_45155916424951809| INF |DESKTOP-4PAEICH|pool-1-thread-1|database.go|35|0|System|Nil|"initialize mongo ..."| 
[L]2023-11-08 17:23:43.586|11_45155916425017345| INF |DESKTOP-4PAEICH|pool-1-thread-1|database.go|45|0|System|Nil|"mongo connectstring = 'mongodb://localhost'"| 
[L]2023-11-08 17:23:43.606|12_45155916458244097| INF |DESKTOP-4PAEICH|pool-1-thread-1|database.go|138|0|System|Nil|"initialize redis ..."| 
[L]2023-11-08 17:23:43.607|13_45155916458309633| INF |DESKTOP-4PAEICH|pool-1-thread-1|database.go|168|0|System|Nil|"redis host = '[localhost:6379]'"| 
[L]2023-11-08 17:23:43.608|14_45155916458375169| DBG |DESKTOP-4PAEICH|pool-1-thread-1|mongo.go|125|GetCollection|System|Nil|"append new collection 'class' database = []"| 
[L]2023-11-08 17:23:43.608|15_45155916458440705| DBG |DESKTOP-4PAEICH|pool-1-thread-1|mongo.go|125|GetCollection|System|Nil|"append new collection 'tag' database = []"| 
[L]2023-11-08 17:23:43.610|16_45155916475021313| DBG |DESKTOP-4PAEICH|pool-1-thread-1|mongo.go|125|GetCollection|System|Nil|"append new collection 'config' database = []"| 
[L]2023-11-08 17:23:43.610|17_45155916475086849| DBG |DESKTOP-4PAEICH|pool-1-thread-1|mongo.go|125|GetCollection|System|Nil|"append new collection 'asset' database = []"| 
[L]2023-11-08 17:23:43.611|18_45155916475152385| DBG |DESKTOP-4PAEICH|pool-1-thread-1|mongo.go|125|GetCollection|System|Nil|"append new collection 'publicAsset' database = []"| 
[L]2023-11-08 17:23:43.611|19_45155916475217921| DBG |DESKTOP-4PAEICH|pool-1-thread-1|mongo.go|125|GetCollection|System|Nil|"append new collection 'privateAsset' database = []"| 
[L]2023-11-08 17:23:43.612|20_45155916475283457| DBG |DESKTOP-4PAEICH|pool-1-thread-1|mongo.go|125|GetCollection|System|Nil|"append new collection 'tenantAsset' database = []"| 
[L]2023-11-08 17:23:43.613|21_45155916475348993| DBG |DESKTOP-4PAEICH|pool-1-thread-1|mongo.go|125|GetCollection|System|Nil|"append new collection 'instanceScopeID' database = []"| 
[L]2023-11-08 17:23:43.618|22_45155916475414529| DBG |DESKTOP-4PAEICH|pool-1-thread-2|bus.go|96|func1|System|Nil|"call log.info args = [Listening and serving HTTP on listener what's bind with address  localhost:8085]"| 
[L]2023-11-08 17:23:43.619|23_45155916475480065| INF |DESKTOP-4PAEICH|pool-1-thread-2|value.go|596|call|System|Nil|"Listening and serving HTTP on listener what's bind with address localhost:8085"| 
[L]2023-11-08 17:26:56.285|24_45156239721641985| DBG |DESKTOP-4PAEICH|pool-1-thread-3|bus.go|96|func1|System|Nil|"call ExitRpcServer args = []"| 
[L]2023-11-08 17:26:56.285|25_45156239721707521| DBG |DESKTOP-4PAEICH|pool-1-thread-4|bus.go|96|func1|System|Nil|"call Quit args = [interrupt]"| 
[L]2023-11-08 17:26:56.285|26_45156239721773057| DBG |DESKTOP-4PAEICH|pool-1-thread-5|bus.go|96|func1|System|Nil|"call ExitWebServer args = []"| 
[L]2023-11-08 17:26:56.286|27_45156239721838593| DBG |DESKTOP-4PAEICH|pool-1-thread-6|bus.go|96|func1|System|Nil|"call log.info args = [grpc server is closeing...]"| 
[L]2023-11-08 17:26:56.288|28_45156239721904129| DBG |DESKTOP-4PAEICH|pool-1-thread-7|bus.go|96|func1|System|Nil|"call WebServerExited args = []"| 
[L]2023-11-08 17:26:56.289|29_45156239721969665| DBG |DESKTOP-4PAEICH|pool-1-thread-8|bus.go|96|func1|System|Nil|"call log.info args = [Web server is closed. exit code =  0]"| 
[L]2023-11-08 17:26:56.285|30_45156239738419201| DBG |DESKTOP-4PAEICH|pool-1-thread-9|bus.go|96|func1|System|Nil|"call Quit args = [interrupt]"| 
[L]2023-11-08 17:26:56.288|31_45156239738484737| DBG |DESKTOP-4PAEICH|pool-1-thread-10|bus.go|96|func1|System|Nil|"call log.info args = [web server is closed.]"| 
[L]2023-11-08 17:26:56.286|32_45156239738550273| DBG |DESKTOP-4PAEICH|pool-1-thread-4|bus.go|100|1|System|Nil|"call Quit error, stack frames :
    Error Message: reflect: Call with too many input arguments
    C:/Users/92346/Desktop/zixel/asset-library/framework/bus/bus.go:100 (0x1b3102a)
    C:/Program Files/Go/src/runtime/panic.go:914 (0xa5b11e)
    C:/Program Files/Go/src/reflect/value.go:442 (0xb39d8d)
    C:/Program Files/Go/src/reflect/value.go:380 (0xb37ef8)
    C:/Users/92346/Desktop/zixel/asset-library/framework/bus/bus.go:104 (0x1b30f84)
    C:/Program Files/Go/src/runtime/asm_amd64.s:1650 (0xa8bd20)
"| 
[L]2023-11-08 17:26:56.286|33_45156239738615809| WAR |DESKTOP-4PAEICH|pool-1-thread-11|bus.go|85|Publish|System|Nil|"not found handlers in topic:RpcServerExited"| 
[L]2023-11-08 17:26:56.288|34_45156239738681345| DBG |DESKTOP-4PAEICH|pool-1-thread-12|bus.go|96|func1|System|Nil|"call log.error args = [http: Server closed]"| 
[L]2023-11-08 17:26:56.286|35_45156239738746881| DBG |DESKTOP-4PAEICH|pool-1-thread-13|bus.go|96|func1|System|Nil|"call log.info args = [grpc server is closed.]"| 
[L]2023-11-08 17:26:56.290|36_45156239738812417| INF |DESKTOP-4PAEICH|pool-1-thread-8|value.go|596|call|System|Nil|"Web server is closed. exit code = 0"| 
[L]2023-11-08 17:26:56.291|37_45156239738877953| DBG |DESKTOP-4PAEICH|pool-1-thread-9|bus.go|100|1|System|Nil|"call Quit error, stack frames :
    Error Message: reflect: Call with too many input arguments
    C:/Users/92346/Desktop/zixel/asset-library/framework/bus/bus.go:100 (0x1b3102a)
    C:/Program Files/Go/src/runtime/panic.go:914 (0xa5b11e)
    C:/Program Files/Go/src/reflect/value.go:442 (0xb39d8d)
    C:/Program Files/Go/src/reflect/value.go:380 (0xb37ef8)
    C:/Users/92346/Desktop/zixel/asset-library/framework/bus/bus.go:104 (0x1b30f84)
    C:/Program Files/Go/src/runtime/asm_amd64.s:1650 (0xa8bd20)
"| 
[L]2023-11-08 17:26:56.288|38_45156239738943489| INF |DESKTOP-4PAEICH|pool-1-thread-6|value.go|596|call|System|Nil|"grpc server is closeing..."| 
[L]2023-11-08 17:26:56.292|39_45156239739009025| INF |DESKTOP-4PAEICH|pool-1-thread-13|value.go|596|call|System|Nil|"grpc server is closed."| 
[L]2023-11-08 17:26:56.291|40_45156239739074561| INF |DESKTOP-4PAEICH|pool-1-thread-10|value.go|596|call|System|Nil|"web server is closed."| 
[L]2023-11-08 17:26:56.292|41_45156239739140097| ERR |DESKTOP-4PAEICH|pool-1-thread-12|value.go|596|call|System|Nil|"http: Server closed"| 
[L]2023-11-08 17:27:13.921|5_45156269316651009| INF |DESKTOP-4PAEICH|pool-1-thread-1|app.go|45|0|System|Nil|"framework initialize ..."| 
[L]2023-11-08 17:27:13.925|6_45156269316716545| INF |DESKTOP-4PAEICH|pool-1-thread-1|grpc.go|105|ConnectGrpcServers|System|Nil|"building grpc conn for:user:localhost:9602"| 
[L]2023-11-08 17:27:13.926|7_45156269316782081| INF |DESKTOP-4PAEICH|pool-1-thread-1|grpc.go|105|ConnectGrpcServers|System|Nil|"building grpc conn for:storage:localhost:9702"| 
[L]2023-11-08 17:27:13.929|8_45156269316847617| INF |DESKTOP-4PAEICH|pool-1-thread-1|grpc.go|105|ConnectGrpcServers|System|Nil|"building grpc conn for:organization:<nil>"| 
[L]2023-11-08 17:27:13.930|9_45156269333428225| INF |DESKTOP-4PAEICH|pool-1-thread-1|database.go|33|0|System|Nil|"initialize database ..."| 
[L]2023-11-08 17:27:13.931|10_45156269333493761| INF |DESKTOP-4PAEICH|pool-1-thread-1|database.go|35|0|System|Nil|"initialize mongo ..."| 
[L]2023-11-08 17:27:13.931|11_45156269333559297| INF |DESKTOP-4PAEICH|pool-1-thread-1|database.go|45|0|System|Nil|"mongo connectstring = 'mongodb://localhost'"| 
[L]2023-11-08 17:27:13.950|12_45156269366982657| INF |DESKTOP-4PAEICH|pool-1-thread-1|database.go|138|0|System|Nil|"initialize redis ..."| 
[L]2023-11-08 17:27:13.951|13_45156269367048193| INF |DESKTOP-4PAEICH|pool-1-thread-1|database.go|168|0|System|Nil|"redis host = '[localhost:6379]'"| 
[L]2023-11-08 17:27:13.954|14_45156269367113729| DBG |DESKTOP-4PAEICH|pool-1-thread-1|mongo.go|125|GetCollection|System|Nil|"append new collection 'class' database = []"| 
[L]2023-11-08 17:27:13.954|15_45156269367179265| DBG |DESKTOP-4PAEICH|pool-1-thread-1|mongo.go|125|GetCollection|System|Nil|"append new collection 'tag' database = []"| 
[L]2023-11-08 17:27:13.955|16_45156269367244801| DBG |DESKTOP-4PAEICH|pool-1-thread-1|mongo.go|125|GetCollection|System|Nil|"append new collection 'config' database = []"| 
[L]2023-11-08 17:27:13.955|17_45156269367310337| DBG |DESKTOP-4PAEICH|pool-1-thread-1|mongo.go|125|GetCollection|System|Nil|"append new collection 'asset' database = []"| 
[L]2023-11-08 17:27:13.956|18_45156269367375873| DBG |DESKTOP-4PAEICH|pool-1-thread-1|mongo.go|125|GetCollection|System|Nil|"append new collection 'publicAsset' database = []"| 
[L]2023-11-08 17:27:13.956|19_45156269367441409| DBG |DESKTOP-4PAEICH|pool-1-thread-1|mongo.go|125|GetCollection|System|Nil|"append new collection 'privateAsset' database = []"| 
[L]2023-11-08 17:27:13.956|20_45156269367506945| DBG |DESKTOP-4PAEICH|pool-1-thread-1|mongo.go|125|GetCollection|System|Nil|"append new collection 'tenantAsset' database = []"| 
[L]2023-11-08 17:27:13.957|21_45156269367572481| DBG |DESKTOP-4PAEICH|pool-1-thread-1|mongo.go|125|GetCollection|System|Nil|"append new collection 'instanceScopeID' database = []"| 
[L]2023-11-08 17:27:13.960|22_45156269383759873| DBG |DESKTOP-4PAEICH|pool-1-thread-2|bus.go|96|func1|System|Nil|"call log.info args = [Listening and serving HTTP on listener what's bind with address  localhost:8085]"| 
[L]2023-11-08 17:27:13.961|23_45156269383825409| INF |DESKTOP-4PAEICH|pool-1-thread-2|value.go|596|call|System|Nil|"Listening and serving HTTP on listener what's bind with address localhost:8085"| 
[L]2023-11-08 17:27:51.127|24_45156331727894529| DBG |DESKTOP-4PAEICH|pool-1-thread-3|bus.go|96|func1|System|Nil|"call ExitWebServer args = []"| 
[L]2023-11-08 17:27:51.127|25_45156331727960065| DBG |DESKTOP-4PAEICH|pool-1-thread-4|bus.go|96|func1|System|Nil|"call Quit args = [interrupt]"| 
[L]2023-11-08 17:27:51.127|26_45156331728025601| DBG |DESKTOP-4PAEICH|pool-1-thread-5|bus.go|96|func1|System|Nil|"call Quit args = [interrupt]"| 
[L]2023-11-08 17:27:51.127|27_45156331728091137| DBG |DESKTOP-4PAEICH|pool-1-thread-6|bus.go|96|func1|System|Nil|"call ExitRpcServer args = []"| 
[L]2023-11-08 17:27:51.129|28_45156331744671745| DBG |DESKTOP-4PAEICH|pool-1-thread-5|bus.go|100|1|System|Nil|"call Quit error, stack frames :
    Error Message: reflect: Call with too many input arguments
    C:/Users/92346/Desktop/zixel/asset-library/framework/bus/bus.go:100 (0x125102a)
    C:/Program Files/Go/src/runtime/panic.go:914 (0x17b11e)
    C:/Program Files/Go/src/reflect/value.go:442 (0x259d8d)
    C:/Program Files/Go/src/reflect/value.go:380 (0x257ef8)
    C:/Users/92346/Desktop/zixel/asset-library/framework/bus/bus.go:104 (0x1250f84)
    C:/Program Files/Go/src/runtime/asm_amd64.s:1650 (0x1abd20)
"| 
[L]2023-11-08 17:27:51.130|29_45156331744737281| DBG |DESKTOP-4PAEICH|pool-1-thread-7|bus.go|96|func1|System|Nil|"call log.info args = [grpc server is closeing...]"| 
[L]2023-11-08 17:27:51.128|30_45156331744802817| DBG |DESKTOP-4PAEICH|pool-1-thread-8|bus.go|96|func1|System|Nil|"call log.info args = [web server is closed.]"| 
[L]2023-11-08 17:27:51.131|31_45156331744868353| INF |DESKTOP-4PAEICH|pool-1-thread-8|value.go|596|call|System|Nil|"web server is closed."| 
[L]2023-11-08 17:27:51.131|32_45156331744933889| INF |DESKTOP-4PAEICH|pool-1-thread-7|value.go|596|call|System|Nil|"grpc server is closeing..."| 
[L]2023-11-08 17:27:51.128|33_45156331744999425| DBG |DESKTOP-4PAEICH|pool-1-thread-9|bus.go|96|func1|System|Nil|"call log.error args = [http: Server closed]"| 
[L]2023-11-08 17:27:51.130|34_45156331745064961| WAR |DESKTOP-4PAEICH|pool-1-thread-10|bus.go|85|Publish|System|Nil|"not found handlers in topic:RpcServerExited"| 
[L]2023-11-08 17:27:51.128|35_45156331745130497| DBG |DESKTOP-4PAEICH|pool-1-thread-4|bus.go|100|1|System|Nil|"call Quit error, stack frames :
    Error Message: reflect: Call with too many input arguments
    C:/Users/92346/Desktop/zixel/asset-library/framework/bus/bus.go:100 (0x125102a)
    C:/Program Files/Go/src/runtime/panic.go:914 (0x17b11e)
    C:/Program Files/Go/src/reflect/value.go:442 (0x259d8d)
    C:/Program Files/Go/src/reflect/value.go:380 (0x257ef8)
    C:/Users/92346/Desktop/zixel/asset-library/framework/bus/bus.go:104 (0x1250f84)
    C:/Program Files/Go/src/runtime/asm_amd64.s:1650 (0x1abd20)
"| 
[L]2023-11-08 17:27:51.130|36_45156331745196033| DBG |DESKTOP-4PAEICH|pool-1-thread-11|bus.go|96|func1|System|Nil|"call log.info args = [grpc server is closed.]"| 
[L]2023-11-08 17:27:51.128|37_45156331745261569| DBG |DESKTOP-4PAEICH|pool-1-thread-12|bus.go|96|func1|System|Nil|"call WebServerExited args = []"| 
[L]2023-11-08 17:27:51.132|38_45156331745327105| ERR |DESKTOP-4PAEICH|pool-1-thread-9|value.go|596|call|System|Nil|"http: Server closed"| 
[L]2023-11-08 17:27:51.134|39_45156331745392641| INF |DESKTOP-4PAEICH|pool-1-thread-11|value.go|596|call|System|Nil|"grpc server is closed."| 
[L]2023-11-08 17:27:51.135|40_45156331745458177| DBG |DESKTOP-4PAEICH|pool-1-thread-13|bus.go|96|func1|System|Nil|"call log.info args = [Web server is closed. exit code =  0]"| 
[L]2023-11-08 17:27:51.137|41_45156331745523713| INF |DESKTOP-4PAEICH|pool-1-thread-13|value.go|596|call|System|Nil|"Web server is closed. exit code = 0"| 
[L]2023-11-08 17:28:04.018|5_45156353353988097| INF |DESKTOP-4PAEICH|pool-1-thread-1|app.go|45|0|System|Nil|"framework initialize ..."| 
[L]2023-11-08 17:28:04.023|6_45156353370503169| INF |DESKTOP-4PAEICH|pool-1-thread-1|grpc.go|105|ConnectGrpcServers|System|Nil|"building grpc conn for:user:localhost:9602"| 
[L]2023-11-08 17:28:04.024|7_45156353370568705| INF |DESKTOP-4PAEICH|pool-1-thread-1|grpc.go|105|ConnectGrpcServers|System|Nil|"building grpc conn for:storage:localhost:9702"| 
[L]2023-11-08 17:28:04.025|8_45156353370634241| INF |DESKTOP-4PAEICH|pool-1-thread-1|grpc.go|105|ConnectGrpcServers|System|Nil|"building grpc conn for:organization:<nil>"| 
[L]2023-11-08 17:28:04.026|9_45156353370699777| INF |DESKTOP-4PAEICH|pool-1-thread-1|database.go|33|0|System|Nil|"initialize database ..."| 
[L]2023-11-08 17:28:04.027|10_45156353370765313| INF |DESKTOP-4PAEICH|pool-1-thread-1|database.go|35|0|System|Nil|"initialize mongo ..."| 
[L]2023-11-08 17:28:04.027|11_45156353370830849| INF |DESKTOP-4PAEICH|pool-1-thread-1|database.go|45|0|System|Nil|"mongo connectstring = 'mongodb://localhost'"| 
[L]2023-11-08 17:28:04.050|12_45156353420834817| INF |DESKTOP-4PAEICH|pool-1-thread-1|database.go|138|0|System|Nil|"initialize redis ..."| 
[L]2023-11-08 17:28:04.050|13_45156353420900353| INF |DESKTOP-4PAEICH|pool-1-thread-1|database.go|168|0|System|Nil|"redis host = '[localhost:6379]'"| 
[L]2023-11-08 17:28:04.052|14_45156353420965889| DBG |DESKTOP-4PAEICH|pool-1-thread-1|mongo.go|125|GetCollection|System|Nil|"append new collection 'class' database = []"| 
[L]2023-11-08 17:28:04.053|15_45156353421031425| DBG |DESKTOP-4PAEICH|pool-1-thread-1|mongo.go|125|GetCollection|System|Nil|"append new collection 'tag' database = []"| 
[L]2023-11-08 17:28:04.054|16_45156353421096961| DBG |DESKTOP-4PAEICH|pool-1-thread-1|mongo.go|125|GetCollection|System|Nil|"append new collection 'config' database = []"| 
[L]2023-11-08 17:28:04.054|17_45156353421162497| DBG |DESKTOP-4PAEICH|pool-1-thread-1|mongo.go|125|GetCollection|System|Nil|"append new collection 'asset' database = []"| 
[L]2023-11-08 17:28:04.054|18_45156353421228033| DBG |DESKTOP-4PAEICH|pool-1-thread-1|mongo.go|125|GetCollection|System|Nil|"append new collection 'publicAsset' database = []"| 
[L]2023-11-08 17:28:04.055|19_45156353421293569| DBG |DESKTOP-4PAEICH|pool-1-thread-1|mongo.go|125|GetCollection|System|Nil|"append new collection 'privateAsset' database = []"| 
[L]2023-11-08 17:28:04.055|20_45156353421359105| DBG |DESKTOP-4PAEICH|pool-1-thread-1|mongo.go|125|GetCollection|System|Nil|"append new collection 'tenantAsset' database = []"| 
[L]2023-11-08 17:28:04.055|21_45156353421424641| DBG |DESKTOP-4PAEICH|pool-1-thread-1|mongo.go|125|GetCollection|System|Nil|"append new collection 'instanceScopeID' database = []"| 
[L]2023-11-08 17:28:04.059|22_45156353421490177| DBG |DESKTOP-4PAEICH|pool-1-thread-2|bus.go|96|func1|System|Nil|"call log.info args = [Listening and serving HTTP on listener what's bind with address  localhost:8085]"| 
[L]2023-11-08 17:28:04.059|23_45156353421555713| INF |DESKTOP-4PAEICH|pool-1-thread-2|value.go|596|call|System|Nil|"Listening and serving HTTP on listener what's bind with address localhost:8085"| 
