[L]2023-09-01 09:00:07.419|5_35248272159428609| INF |Aseed-PC|pool-1-thread-1|app.go|45|0|System|Nil|"framework initialize ..."| 
[L]2023-09-01 09:00:07.421|6_35248272176074753| INF |Aseed-PC|pool-1-thread-1|grpc.go|105|ConnectGrpcServers|System|Nil|"building grpc conn for:user:localhost:9602"| 
[L]2023-09-01 09:00:07.422|7_35248272176140289| INF |Aseed-PC|pool-1-thread-1|grpc.go|105|ConnectGrpcServers|System|Nil|"building grpc conn for:storage:localhost:9702"| 
[L]2023-09-01 09:00:07.422|8_35248272176205825| INF |Aseed-PC|pool-1-thread-1|grpc.go|105|ConnectGrpcServers|System|Nil|"building grpc conn for:organization:<nil>"| 
[L]2023-09-01 09:00:07.426|9_35248272176271361| INF |Aseed-PC|pool-1-thread-1|database.go|33|0|System|Nil|"initialize database ..."| 
[L]2023-09-01 09:00:07.427|10_35248272176336897| INF |Aseed-PC|pool-1-thread-1|database.go|35|0|System|Nil|"initialize mongo ..."| 
[L]2023-09-01 09:00:07.427|11_35248272176402433| INF |Aseed-PC|pool-1-thread-1|database.go|45|0|System|Nil|"mongo connectstring = 'mongodb://localhost'"| 
[L]2023-09-01 09:00:08.043|12_35248273216262145| INF |Aseed-PC|pool-1-thread-1|database.go|138|0|System|Nil|"initialize redis ..."| 
[L]2023-09-01 09:00:08.043|13_35248273216327681| INF |Aseed-PC|pool-1-thread-1|database.go|168|0|System|Nil|"redis host = '[localhost:6379]'"| 
[L]2023-09-01 09:00:08.056|14_35248273233039361| DBG |Aseed-PC|pool-1-thread-1|mongo.go|125|GetCollection|System|Nil|"append new collection 'class' database = []"| 
[L]2023-09-01 09:00:08.056|15_35248273233104897| DBG |Aseed-PC|pool-1-thread-1|mongo.go|125|GetCollection|System|Nil|"append new collection 'tag' database = []"| 
[L]2023-09-01 09:00:08.056|16_35248273233170433| DBG |Aseed-PC|pool-1-thread-1|mongo.go|125|GetCollection|System|Nil|"append new collection 'config' database = []"| 
[L]2023-09-01 09:00:08.057|17_35248273233235969| DBG |Aseed-PC|pool-1-thread-1|mongo.go|125|GetCollection|System|Nil|"append new collection 'asset' database = []"| 
[L]2023-09-01 09:00:08.057|18_35248273233301505| DBG |Aseed-PC|pool-1-thread-1|mongo.go|125|GetCollection|System|Nil|"append new collection 'publicAsset' database = []"| 
[L]2023-09-01 09:00:08.057|19_35248273233367041| DBG |Aseed-PC|pool-1-thread-1|mongo.go|125|GetCollection|System|Nil|"append new collection 'privateAsset' database = []"| 
[L]2023-09-01 09:00:08.057|20_35248273233432577| DBG |Aseed-PC|pool-1-thread-1|mongo.go|125|GetCollection|System|Nil|"append new collection 'tenantAsset' database = []"| 
[L]2023-09-01 09:00:08.057|21_35248273233498113| DBG |Aseed-PC|pool-1-thread-1|mongo.go|125|GetCollection|System|Nil|"append new collection 'instanceScopeID' database = []"| 
[L]2023-09-01 09:00:08.060|22_35248273249816577| DBG |Aseed-PC|pool-1-thread-2|bus.go|96|func1|System|Nil|"call log.info args = [Listening and serving HTTP on listener what's bind with address  localhost:8085]"| 
[L]2023-09-01 09:00:08.061|23_35248273249882113| INF |Aseed-PC|pool-1-thread-2|value.go|586|call|System|Nil|"Listening and serving HTTP on listener what's bind with address localhost:8085"| 
[L]2023-09-01 09:00:46.984|24_35248338546741249| ERR |Aseed-PC|pool-1-thread-3|configLogic.go|90|QueryConfigByType|System|Nil|"QueryConfigByType>>> QueryConfigLimit is error.resluts is nil"| 
[L]2023-09-01 09:00:46.984|25_35248338546806785| ERR |Aseed-PC|pool-1-thread-3|errors.go|138|gitlab.zixel.cn/go/framework.NewServiceError|System|Nil|"[errors.go:126] 0x1e80cd2 error code = 1001, message = resluts is nil"| 
[L]2023-09-01 09:00:46.985|26_35248338546872321| ERR |Aseed-PC|pool-1-thread-3|errors.go|112|Error|System|Nil|"
---Error Message: resluts is nil
---E:/Projects/Office/asset-library/framework/errors.go:148 (0x1e8108c)
---E:/Projects/Office/asset-library/src/restful/router/ConfigRouter.go:134 (0x2232ca4)
---E:/Projects/Office/asset-library/src/restful/router/ConfigRouter.go:143 (0x2232bd2)
---C:/Users/aseed/go/bin/pkg/mod/github.com/gin-gonic/gin@v1.8.1/context.go:173 (0x1e893c7)
---E:/Projects/Office/asset-library/framework/errors.go:42 (0x1e893b1)
---C:/Users/aseed/go/bin/pkg/mod/github.com/gin-gonic/gin@v1.8.1/context.go:173 (0x1325861)
---C:/Users/aseed/go/bin/pkg/mod/github.com/gin-gonic/gin@v1.8.1/recovery.go:101 (0x132584c)
---C:/Users/aseed/go/bin/pkg/mod/github.com/gin-gonic/gin@v1.8.1/context.go:173 (0x1e8914f)
---E:/Projects/Office/asset-library/framework/server.go:187 (0x1e89137)
---C:/Users/aseed/go/bin/pkg/mod/github.com/gin-gonic/gin@v1.8.1/context.go:173 (0x13246ca)
---C:/Users/aseed/go/bin/pkg/mod/github.com/gin-gonic/gin@v1.8.1/gin.go:616 (0x1324351)
---C:/Users/aseed/go/bin/pkg/mod/github.com/gin-gonic/gin@v1.8.1/gin.go:572 (0x1323e7c)
---C:/Program Files/Go/src/net/http/server.go:2936 (0x10c82f5)
---C:/Program Files/Go/src/net/http/server.go:1995 (0x10c3811)
---C:/Program Files/Go/src/runtime/asm_amd64.s:1598 (0xd07f40)
"| 
[L]2023-09-01 09:00:49.707|27_35248343110144001| ERR |Aseed-PC|pool-1-thread-3|configLogic.go|90|QueryConfigByType|System|Nil|"QueryConfigByType>>> QueryConfigLimit is error.resluts is nil"| 
[L]2023-09-01 09:00:49.707|28_35248343110209537| ERR |Aseed-PC|pool-1-thread-3|errors.go|138|gitlab.zixel.cn/go/framework.NewServiceError|System|Nil|"[errors.go:126] 0x1e80cd2 error code = 1001, message = resluts is nil"| 
[L]2023-09-01 09:00:49.707|29_35248343110275073| ERR |Aseed-PC|pool-1-thread-3|errors.go|112|Error|System|Nil|"
---Error Message: resluts is nil
---E:/Projects/Office/asset-library/framework/errors.go:148 (0x1e8108c)
---E:/Projects/Office/asset-library/src/restful/router/ConfigRouter.go:134 (0x2232ca4)
---E:/Projects/Office/asset-library/src/restful/router/ConfigRouter.go:143 (0x2232bd2)
---C:/Users/aseed/go/bin/pkg/mod/github.com/gin-gonic/gin@v1.8.1/context.go:173 (0x1e893c7)
---E:/Projects/Office/asset-library/framework/errors.go:42 (0x1e893b1)
---C:/Users/aseed/go/bin/pkg/mod/github.com/gin-gonic/gin@v1.8.1/context.go:173 (0x1325861)
---C:/Users/aseed/go/bin/pkg/mod/github.com/gin-gonic/gin@v1.8.1/recovery.go:101 (0x132584c)
---C:/Users/aseed/go/bin/pkg/mod/github.com/gin-gonic/gin@v1.8.1/context.go:173 (0x1e8914f)
---E:/Projects/Office/asset-library/framework/server.go:187 (0x1e89137)
---C:/Users/aseed/go/bin/pkg/mod/github.com/gin-gonic/gin@v1.8.1/context.go:173 (0x13246ca)
---C:/Users/aseed/go/bin/pkg/mod/github.com/gin-gonic/gin@v1.8.1/gin.go:616 (0x1324351)
---C:/Users/aseed/go/bin/pkg/mod/github.com/gin-gonic/gin@v1.8.1/gin.go:572 (0x1323e7c)
---C:/Program Files/Go/src/net/http/server.go:2936 (0x10c82f5)
---C:/Program Files/Go/src/net/http/server.go:1995 (0x10c3811)
---C:/Program Files/Go/src/runtime/asm_amd64.s:1598 (0xd07f40)
"| 
[L]2023-09-01 09:00:51.326|30_35248345828052993| ERR |Aseed-PC|pool-1-thread-3|configLogic.go|90|QueryConfigByType|System|Nil|"QueryConfigByType>>> QueryConfigLimit is error.resluts is nil"| 
[L]2023-09-01 09:00:51.327|31_35248345828118529| ERR |Aseed-PC|pool-1-thread-3|errors.go|138|gitlab.zixel.cn/go/framework.NewServiceError|System|Nil|"[errors.go:126] 0x1e80cd2 error code = 1001, message = resluts is nil"| 
[L]2023-09-01 09:00:51.336|32_35248345844830209| ERR |Aseed-PC|pool-1-thread-3|errors.go|112|Error|System|Nil|"
---Error Message: resluts is nil
---E:/Projects/Office/asset-library/framework/errors.go:148 (0x1e8108c)
---E:/Projects/Office/asset-library/src/restful/router/ConfigRouter.go:134 (0x2232ca4)
---E:/Projects/Office/asset-library/src/restful/router/ConfigRouter.go:143 (0x2232bd2)
---C:/Users/aseed/go/bin/pkg/mod/github.com/gin-gonic/gin@v1.8.1/context.go:173 (0x1e893c7)
---E:/Projects/Office/asset-library/framework/errors.go:42 (0x1e893b1)
---C:/Users/aseed/go/bin/pkg/mod/github.com/gin-gonic/gin@v1.8.1/context.go:173 (0x1325861)
---C:/Users/aseed/go/bin/pkg/mod/github.com/gin-gonic/gin@v1.8.1/recovery.go:101 (0x132584c)
---C:/Users/aseed/go/bin/pkg/mod/github.com/gin-gonic/gin@v1.8.1/context.go:173 (0x1e8914f)
---E:/Projects/Office/asset-library/framework/server.go:187 (0x1e89137)
---C:/Users/aseed/go/bin/pkg/mod/github.com/gin-gonic/gin@v1.8.1/context.go:173 (0x13246ca)
---C:/Users/aseed/go/bin/pkg/mod/github.com/gin-gonic/gin@v1.8.1/gin.go:616 (0x1324351)
---C:/Users/aseed/go/bin/pkg/mod/github.com/gin-gonic/gin@v1.8.1/gin.go:572 (0x1323e7c)
---C:/Program Files/Go/src/net/http/server.go:2936 (0x10c82f5)
---C:/Program Files/Go/src/net/http/server.go:1995 (0x10c3811)
---C:/Program Files/Go/src/runtime/asm_amd64.s:1598 (0xd07f40)
"| 
[L]2023-09-01 09:07:30.740|33_35249015943614465| ERR |Aseed-PC|pool-1-thread-4|permissionLogic.go|73|CheckPermission|System|Nil|"permissionType is invalid,permissionType:consequat labore laboris"| 
[L]2023-09-01 09:07:30.740|34_35249015943680001| ERR |Aseed-PC|pool-1-thread-4|errors.go|138|gitlab.zixel.cn/go/framework.NewServiceError|System|Nil|"[errors.go:126] 0x1e80cd2 error code = 50100, message = permissionType is invalid"| 
[L]2023-09-01 09:07:45.662|35_35249040975220737| ERR |Aseed-PC|pool-1-thread-5|permissionLogic.go|73|CheckPermission|System|Nil|"permissionType is invalid,permissionType:exercitation sint"| 
[L]2023-09-01 09:07:45.662|36_35249040975286273| ERR |Aseed-PC|pool-1-thread-5|errors.go|138|gitlab.zixel.cn/go/framework.NewServiceError|System|Nil|"[errors.go:126] 0x1e80cd2 error code = 50100, message = permissionType is invalid"| 
[L]2023-09-01 09:17:39.333|37_35250036988203009| DBG |Aseed-PC|pool-1-thread-6|bus.go|96|func1|System|Nil|"call ExitWebServer args = []"| 
[L]2023-09-01 09:17:39.333|38_35250036988268545| DBG |Aseed-PC|pool-1-thread-7|bus.go|96|func1|System|Nil|"call ExitRpcServer args = []"| 
[L]2023-09-01 09:17:39.333|39_35250036988334081| DBG |Aseed-PC|pool-1-thread-8|bus.go|96|func1|System|Nil|"call Quit args = [interrupt]"| 
[L]2023-09-01 09:17:39.333|40_35250036988399617| DBG |Aseed-PC|pool-1-thread-9|bus.go|96|func1|System|Nil|"call Quit args = [interrupt]"| 
[L]2023-09-01 09:17:39.333|41_35250036988465153| DBG |Aseed-PC|pool-1-thread-10|bus.go|96|func1|System|Nil|"call WebServerExited args = []"| 
[L]2023-09-01 09:17:39.333|42_35250036988530689| DBG |Aseed-PC|pool-1-thread-11|bus.go|96|func1|System|Nil|"call log.info args = [grpc server is closeing...]"| 
[L]2023-09-01 09:17:39.334|43_35250036988596225| INF |Aseed-PC|pool-1-thread-11|value.go|586|call|System|Nil|"grpc server is closeing..."| 
[L]2023-09-01 09:17:39.334|44_35250036988661761| DBG |Aseed-PC|pool-1-thread-12|bus.go|96|func1|System|Nil|"call log.info args = [Web server is closed. exit code =  0]"| 
[L]2023-09-01 09:17:39.334|45_35250036988727297| DBG |Aseed-PC|pool-1-thread-9|bus.go|100|1|System|Nil|"call Quit error, stack frames :
    Error Message: reflect: Call with too many input arguments
    E:/Projects/Office/asset-library/framework/bus/bus.go:100 (0x1e7c039)
    C:/Program Files/Go/src/runtime/panic.go:884 (0xcd7c72)
    C:/Program Files/Go/src/reflect/value.go:432 (0xdb9504)
    C:/Program Files/Go/src/reflect/value.go:370 (0xdb77bb)
    E:/Projects/Office/asset-library/framework/bus/bus.go:104 (0x1e7bf74)
    C:/Program Files/Go/src/runtime/asm_amd64.s:1598 (0xd07f40)
"| 
[L]2023-09-01 09:17:39.333|46_35250036988792833| DBG |Aseed-PC|pool-1-thread-13|bus.go|96|func1|System|Nil|"call log.error args = [http: Server closed]"| 
[L]2023-09-01 09:17:39.333|47_35250036988858369| DBG |Aseed-PC|pool-1-thread-8|bus.go|100|1|System|Nil|"call Quit error, stack frames :
    Error Message: reflect: Call with too many input arguments
    E:/Projects/Office/asset-library/framework/bus/bus.go:100 (0x1e7c039)
    C:/Program Files/Go/src/runtime/panic.go:884 (0xcd7c72)
    C:/Program Files/Go/src/reflect/value.go:432 (0xdb9504)
    C:/Program Files/Go/src/reflect/value.go:370 (0xdb77bb)
    E:/Projects/Office/asset-library/framework/bus/bus.go:104 (0x1e7bf74)
    C:/Program Files/Go/src/runtime/asm_amd64.s:1598 (0xd07f40)
"| 
[L]2023-09-01 09:17:39.335|48_35250036988923905| DBG |Aseed-PC|pool-1-thread-14|bus.go|96|func1|System|Nil|"call log.info args = [grpc server is closed.]"| 
[L]2023-09-01 09:17:39.336|49_35250036988989441| INF |Aseed-PC|pool-1-thread-14|value.go|586|call|System|Nil|"grpc server is closed."| 
[L]2023-09-01 09:17:39.335|50_35250036989054977| ERR |Aseed-PC|pool-1-thread-13|value.go|586|call|System|Nil|"http: Server closed"| 
[L]2023-09-01 09:17:39.333|51_35250036989120513| DBG |Aseed-PC|pool-1-thread-15|bus.go|96|func1|System|Nil|"call log.info args = [web server is closed.]"| 
[L]2023-09-01 09:17:39.335|52_35250036989186049| INF |Aseed-PC|pool-1-thread-12|value.go|586|call|System|Nil|"Web server is closed. exit code = 0"| 
[L]2023-09-01 09:17:39.335|53_35250036989251585| DBG |Aseed-PC|pool-1-thread-16|bus.go|96|func1|System|Nil|"call RpcServerExited args = []"| 
[L]2023-09-01 09:19:30.471|5_35250223450181633| INF |Aseed-PC|pool-1-thread-1|app.go|45|0|System|Nil|"framework initialize ..."| 
[L]2023-09-01 09:19:30.472|6_35250223450247169| INF |Aseed-PC|pool-1-thread-1|grpc.go|105|ConnectGrpcServers|System|Nil|"building grpc conn for:storage:localhost:9702"| 
[L]2023-09-01 09:19:30.472|7_35250223450312705| INF |Aseed-PC|pool-1-thread-1|grpc.go|105|ConnectGrpcServers|System|Nil|"building grpc conn for:organization:<nil>"| 
[L]2023-09-01 09:19:30.472|8_35250223450378241| INF |Aseed-PC|pool-1-thread-1|grpc.go|105|ConnectGrpcServers|System|Nil|"building grpc conn for:user:localhost:9602"| 
[L]2023-09-01 09:19:30.475|9_35250223450443777| INF |Aseed-PC|pool-1-thread-1|database.go|33|0|System|Nil|"initialize database ..."| 
[L]2023-09-01 09:19:30.475|10_35250223450509313| INF |Aseed-PC|pool-1-thread-1|database.go|35|0|System|Nil|"initialize mongo ..."| 
[L]2023-09-01 09:19:30.475|11_35250223450574849| INF |Aseed-PC|pool-1-thread-1|database.go|45|0|System|Nil|"mongo connectstring = 'mongodb://localhost'"| 
[L]2023-09-01 09:19:31.096|12_35250224490369025| INF |Aseed-PC|pool-1-thread-1|database.go|138|0|System|Nil|"initialize redis ..."| 
[L]2023-09-01 09:19:31.097|13_35250224490434561| INF |Aseed-PC|pool-1-thread-1|database.go|168|0|System|Nil|"redis host = '[localhost:6379]'"| 
[L]2023-09-01 09:19:31.110|14_35250224523923457| DBG |Aseed-PC|pool-1-thread-1|mongo.go|125|GetCollection|System|Nil|"append new collection 'class' database = []"| 
[L]2023-09-01 09:19:31.111|15_35250224523988993| DBG |Aseed-PC|pool-1-thread-1|mongo.go|125|GetCollection|System|Nil|"append new collection 'tag' database = []"| 
[L]2023-09-01 09:19:31.111|16_35250224524054529| DBG |Aseed-PC|pool-1-thread-1|mongo.go|125|GetCollection|System|Nil|"append new collection 'config' database = []"| 
[L]2023-09-01 09:19:31.111|17_35250224524120065| DBG |Aseed-PC|pool-1-thread-1|mongo.go|125|GetCollection|System|Nil|"append new collection 'asset' database = []"| 
[L]2023-09-01 09:19:31.112|18_35250224524185601| DBG |Aseed-PC|pool-1-thread-1|mongo.go|125|GetCollection|System|Nil|"append new collection 'publicAsset' database = []"| 
[L]2023-09-01 09:19:31.112|19_35250224524251137| DBG |Aseed-PC|pool-1-thread-1|mongo.go|125|GetCollection|System|Nil|"append new collection 'privateAsset' database = []"| 
[L]2023-09-01 09:19:31.112|20_35250224524316673| DBG |Aseed-PC|pool-1-thread-1|mongo.go|125|GetCollection|System|Nil|"append new collection 'tenantAsset' database = []"| 
[L]2023-09-01 09:19:31.112|21_35250224524382209| DBG |Aseed-PC|pool-1-thread-1|mongo.go|125|GetCollection|System|Nil|"append new collection 'instanceScopeID' database = []"| 
[L]2023-09-01 09:19:31.116|22_35250224524447745| DBG |Aseed-PC|pool-1-thread-2|bus.go|96|func1|System|Nil|"call log.info args = [Listening and serving HTTP on listener what's bind with address  localhost:8085]"| 
[L]2023-09-01 09:19:31.116|23_35250224524513281| INF |Aseed-PC|pool-1-thread-2|value.go|586|call|System|Nil|"Listening and serving HTTP on listener what's bind with address localhost:8085"| 
[L]2023-09-01 09:19:32.648|24_35250227090837505| DBG |Aseed-PC|pool-1-thread-3|bus.go|96|func1|System|Nil|"call ExitWebServer args = []"| 
[L]2023-09-01 09:19:32.648|25_35250227090903041| DBG |Aseed-PC|pool-1-thread-4|bus.go|96|func1|System|Nil|"call Quit args = [interrupt]"| 
[L]2023-09-01 09:19:32.648|26_35250227090968577| DBG |Aseed-PC|pool-1-thread-5|bus.go|96|func1|System|Nil|"call Quit args = [interrupt]"| 
[L]2023-09-01 09:19:32.649|27_35250227091034113| DBG |Aseed-PC|pool-1-thread-6|bus.go|96|func1|System|Nil|"call WebServerExited args = []"| 
[L]2023-09-01 09:19:32.649|28_35250227091099649| DBG |Aseed-PC|pool-1-thread-7|bus.go|96|func1|System|Nil|"call log.info args = [web server is closed.]"| 
[L]2023-09-01 09:19:32.649|29_35250227091165185| DBG |Aseed-PC|pool-1-thread-8|bus.go|96|func1|System|Nil|"call log.info args = [Web server is closed. exit code =  0]"| 
[L]2023-09-01 09:19:32.649|30_35250227091230721| DBG |Aseed-PC|pool-1-thread-9|bus.go|96|func1|System|Nil|"call log.error args = [http: Server closed]"| 
[L]2023-09-01 09:19:32.649|31_35250227107614721| INF |Aseed-PC|pool-1-thread-8|value.go|586|call|System|Nil|"Web server is closed. exit code = 0"| 
[L]2023-09-01 09:19:32.650|32_35250227107680257| ERR |Aseed-PC|pool-1-thread-9|value.go|586|call|System|Nil|"http: Server closed"| 
[L]2023-09-01 09:19:32.648|33_35250227107745793| DBG |Aseed-PC|pool-1-thread-10|bus.go|96|func1|System|Nil|"call ExitRpcServer args = []"| 
[L]2023-09-01 09:19:32.649|34_35250227107811329| DBG |Aseed-PC|pool-1-thread-5|bus.go|100|1|System|Nil|"call Quit error, stack frames :
    Error Message: reflect: Call with too many input arguments
    E:/Projects/Office/asset-library/framework/bus/bus.go:100 (0x132c039)
    C:/Program Files/Go/src/runtime/panic.go:884 (0x187c72)
    C:/Program Files/Go/src/reflect/value.go:432 (0x269504)
    C:/Program Files/Go/src/reflect/value.go:370 (0x2677bb)
    E:/Projects/Office/asset-library/framework/bus/bus.go:104 (0x132bf74)
    C:/Program Files/Go/src/runtime/asm_amd64.s:1598 (0x1b7f40)
"| 
[L]2023-09-01 09:19:32.649|35_35250227107876865| INF |Aseed-PC|pool-1-thread-7|value.go|586|call|System|Nil|"web server is closed."| 
[L]2023-09-01 09:19:32.649|36_35250227107942401| DBG |Aseed-PC|pool-1-thread-4|bus.go|100|1|System|Nil|"call Quit error, stack frames :
    Error Message: reflect: Call with too many input arguments
    E:/Projects/Office/asset-library/framework/bus/bus.go:100 (0x132c039)
    C:/Program Files/Go/src/runtime/panic.go:884 (0x187c72)
    C:/Program Files/Go/src/reflect/value.go:432 (0x269504)
    C:/Program Files/Go/src/reflect/value.go:370 (0x2677bb)
    E:/Projects/Office/asset-library/framework/bus/bus.go:104 (0x132bf74)
    C:/Program Files/Go/src/runtime/asm_amd64.s:1598 (0x1b7f40)
"| 
[L]2023-09-01 09:19:32.650|37_35250227108007937| DBG |Aseed-PC|pool-1-thread-11|bus.go|96|func1|System|Nil|"call log.info args = [grpc server is closeing...]"| 
[L]2023-09-01 09:19:32.650|38_35250227108073473| DBG |Aseed-PC|pool-1-thread-12|bus.go|96|func1|System|Nil|"call RpcServerExited args = []"| 
