[L]2023-11-15 22:56:01.926|24_46204053448833025| DBG |DESKTOP-4PAEICH|pool-1-thread-3|bus.go|96|func1|System|Nil|"call ExitRpcServer args = []"| 
[L]2023-11-15 22:56:01.926|25_46204053499164673| DBG |DESKTOP-4PAEICH|pool-1-thread-4|bus.go|96|func1|System|Nil|"call ExitWebServer args = []"| 
[L]2023-11-15 22:56:01.930|26_46204053515941889| DBG |DESKTOP-4PAEICH|pool-1-thread-5|bus.go|96|func1|System|Nil|"call Quit args = [interrupt]"| 
[L]2023-11-15 22:56:01.930|27_46204053516007425| DBG |DESKTOP-4PAEICH|pool-1-thread-6|bus.go|96|func1|System|Nil|"call Quit args = [interrupt]"| 
[L]2023-11-15 22:56:01.979|28_46204053516072961| DBG |DESKTOP-4PAEICH|pool-1-thread-7|bus.go|96|func1|System|Nil|"call log.info args = [grpc server is closeing...]"| 
[L]2023-11-15 22:56:01.982|29_46204053532719105| DBG |DESKTOP-4PAEICH|pool-1-thread-8|bus.go|96|func1|System|Nil|"call log.error args = [http: Server closed]"| 
[L]2023-11-15 22:56:01.980|30_46204053532784641| INF |DESKTOP-4PAEICH|pool-1-thread-7|value.go|596|call|System|Nil|"grpc server is closeing..."| 
[L]2023-11-15 22:56:01.982|31_46204053532850177| DBG |DESKTOP-4PAEICH|pool-1-thread-9|bus.go|96|func1|System|Nil|"call log.info args = [web server is closed.]"| 
[L]2023-11-15 22:56:01.985|32_46204053532915713| DBG |DESKTOP-4PAEICH|pool-1-thread-10|bus.go|96|func1|System|Nil|"call log.info args = [grpc server is closed.]"| 
[L]2023-11-15 22:56:01.982|33_46204053532981249| DBG |DESKTOP-4PAEICH|pool-1-thread-11|bus.go|96|func1|System|Nil|"call WebServerExited args = []"| 
[L]2023-11-15 22:56:01.986|34_46204053533046785| INF |DESKTOP-4PAEICH|pool-1-thread-10|value.go|596|call|System|Nil|"grpc server is closed."| 
[L]2023-11-15 22:56:01.984|35_46204053533112321| DBG |DESKTOP-4PAEICH|pool-1-thread-6|bus.go|100|1|System|Nil|"call Quit error, stack frames :
    Error Message: reflect: Call with too many input arguments
    C:/Users/92346/Desktop/zixel/asset-library/framework/bus/bus.go:100 (0x159106a)
    C:/Program Files/Go/src/runtime/panic.go:914 (0x4bb11e)
    C:/Program Files/Go/src/reflect/value.go:442 (0x599d8d)
    C:/Program Files/Go/src/reflect/value.go:380 (0x597ef8)
    C:/Users/92346/Desktop/zixel/asset-library/framework/bus/bus.go:104 (0x1590fc4)
    C:/Program Files/Go/src/runtime/asm_amd64.s:1650 (0x4ebd20)
"| 
[L]2023-11-15 22:56:01.984|36_46204053533177857| DBG |DESKTOP-4PAEICH|pool-1-thread-5|bus.go|100|1|System|Nil|"call Quit error, stack frames :
    Error Message: reflect: Call with too many input arguments
    C:/Users/92346/Desktop/zixel/asset-library/framework/bus/bus.go:100 (0x159106a)
    C:/Program Files/Go/src/runtime/panic.go:914 (0x4bb11e)
    C:/Program Files/Go/src/reflect/value.go:442 (0x599d8d)
    C:/Program Files/Go/src/reflect/value.go:380 (0x597ef8)
    C:/Users/92346/Desktop/zixel/asset-library/framework/bus/bus.go:104 (0x1590fc4)
    C:/Program Files/Go/src/runtime/asm_amd64.s:1650 (0x4ebd20)
"| 
[L]2023-11-15 22:56:01.986|37_46204053533243393| INF |DESKTOP-4PAEICH|pool-1-thread-9|value.go|596|call|System|Nil|"web server is closed."| 
[L]2023-11-15 22:56:01.984|38_46204053533308929| ERR |DESKTOP-4PAEICH|pool-1-thread-8|value.go|596|call|System|Nil|"http: Server closed"| 
[L]2023-11-15 22:56:01.987|39_46204053549496321| DBG |DESKTOP-4PAEICH|pool-1-thread-12|bus.go|96|func1|System|Nil|"call log.info args = [Web server is closed. exit code =  0]"| 
[L]2023-11-15 22:56:01.985|40_46204053549561857| WAR |DESKTOP-4PAEICH|pool-1-thread-13|bus.go|85|Publish|System|Nil|"not found handlers in topic:RpcServerExited"| 
[L]2023-11-15 22:56:01.991|41_46204053549627393| INF |DESKTOP-4PAEICH|pool-1-thread-12|value.go|596|call|System|Nil|"Web server is closed. exit code = 0"| 
