[L]2023-11-07 16:20:03.297|24_45004551912175617| DBG |DESKTOP-4PAEICH|pool-1-thread-3|bus.go|96|func1|System|Nil|"call ExitWebServer args = []"| 
[L]2023-11-07 16:20:03.299|25_45004551962507265| DBG |DESKTOP-4PAEICH|pool-1-thread-4|bus.go|96|func1|System|Nil|"call Quit args = [interrupt]"| 
[L]2023-11-07 16:20:03.297|26_45004551962572801| DBG |DESKTOP-4PAEICH|pool-1-thread-5|bus.go|96|func1|System|Nil|"call ExitRpcServer args = []"| 
[L]2023-11-07 16:20:03.299|27_45004551962638337| DBG |DESKTOP-4PAEICH|pool-1-thread-6|bus.go|96|func1|System|Nil|"call Quit args = [interrupt]"| 
[L]2023-11-07 16:20:03.347|28_45004551979284481| DBG |DESKTOP-4PAEICH|pool-1-thread-7|bus.go|96|func1|System|Nil|"call log.info args = [grpc server is closeing...]"| 
[L]2023-11-07 16:20:03.348|29_45004551979350017| DBG |DESKTOP-4PAEICH|pool-1-thread-6|bus.go|100|1|System|Nil|"call Quit error, stack frames :
    Error Message: reflect: Call with too many input arguments
    C:/Users/92346/Desktop/zixel/asset-library/framework/bus/bus.go:100 (0x16a102a)
    C:/Program Files/Go/src/runtime/panic.go:914 (0x5cb11e)
    C:/Program Files/Go/src/reflect/value.go:442 (0x6a9d8d)
    C:/Program Files/Go/src/reflect/value.go:380 (0x6a7ef8)
    C:/Users/92346/Desktop/zixel/asset-library/framework/bus/bus.go:104 (0x16a0f84)
    C:/Program Files/Go/src/runtime/asm_amd64.s:1650 (0x5fbd20)
"| 
[L]2023-11-07 16:20:03.348|30_45004551996061697| DBG |DESKTOP-4PAEICH|pool-1-thread-4|bus.go|100|1|System|Nil|"call Quit error, stack frames :
    Error Message: reflect: Call with too many input arguments
    C:/Users/92346/Desktop/zixel/asset-library/framework/bus/bus.go:100 (0x16a102a)
    C:/Program Files/Go/src/runtime/panic.go:914 (0x5cb11e)
    C:/Program Files/Go/src/reflect/value.go:442 (0x6a9d8d)
    C:/Program Files/Go/src/reflect/value.go:380 (0x6a7ef8)
    C:/Users/92346/Desktop/zixel/asset-library/framework/bus/bus.go:104 (0x16a0f84)
    C:/Program Files/Go/src/runtime/asm_amd64.s:1650 (0x5fbd20)
"| 
[L]2023-11-07 16:20:03.354|31_45004551996127233| DBG |DESKTOP-4PAEICH|pool-1-thread-8|bus.go|96|func1|System|Nil|"call log.info args = [grpc server is closed.]"| 
[L]2023-11-07 16:20:03.349|32_45004551996192769| INF |DESKTOP-4PAEICH|pool-1-thread-7|value.go|596|call|System|Nil|"grpc server is closeing..."| 
[L]2023-11-07 16:20:03.352|33_45004551996258305| DBG |DESKTOP-4PAEICH|pool-1-thread-9|bus.go|96|func1|System|Nil|"call log.error args = [http: Server closed]"| 
[L]2023-11-07 16:20:03.355|34_45004551996323841| INF |DESKTOP-4PAEICH|pool-1-thread-8|value.go|596|call|System|Nil|"grpc server is closed."| 
[L]2023-11-07 16:20:03.354|35_45004551996389377| DBG |DESKTOP-4PAEICH|pool-1-thread-10|bus.go|96|func1|System|Nil|"call WebServerExited args = []"| 
[L]2023-11-07 16:20:03.352|36_45004551996454913| DBG |DESKTOP-4PAEICH|pool-1-thread-11|bus.go|96|func1|System|Nil|"call log.info args = [web server is closed.]"| 
[L]2023-11-07 16:20:03.362|37_45004552012838913| DBG |DESKTOP-4PAEICH|pool-1-thread-12|bus.go|96|func1|System|Nil|"call log.info args = [Web server is closed. exit code =  0]"| 
[L]2023-11-07 16:20:03.362|38_45004552012904449| INF |DESKTOP-4PAEICH|pool-1-thread-12|value.go|596|call|System|Nil|"Web server is closed. exit code = 0"| 
[L]2023-11-07 16:20:03.362|39_45004552012969985| INF |DESKTOP-4PAEICH|pool-1-thread-11|value.go|596|call|System|Nil|"web server is closed."| 
[L]2023-11-07 16:20:03.358|40_45004552013035521| ERR |DESKTOP-4PAEICH|pool-1-thread-9|value.go|596|call|System|Nil|"http: Server closed"| 
[L]2023-11-07 16:20:03.355|41_45004552013101057| WAR |DESKTOP-4PAEICH|pool-1-thread-13|bus.go|85|Publish|System|Nil|"not found handlers in topic:RpcServerExited"| 
