[L]2023-10-20 03:29:36.668|25_42317803864209409| DBG |DESKTOP-4PAEICH|pool-1-thread-4|bus.go|96|func1|System|Nil|"call ExitRpcServer args = []"| 
[L]2023-10-20 03:29:36.670|26_42317803897763841| DBG |DESKTOP-4PAEICH|pool-1-thread-5|bus.go|96|func1|System|Nil|"call Quit args = [interrupt]"| 
[L]2023-10-20 03:29:36.668|27_42317803914541057| DBG |DESKTOP-4PAEICH|pool-1-thread-6|bus.go|96|func1|System|Nil|"call ExitWebServer args = []"| 
[L]2023-10-20 03:29:36.670|28_42317803914606593| DBG |DESKTOP-4PAEICH|pool-1-thread-7|bus.go|96|func1|System|Nil|"call Quit args = [interrupt]"| 
[L]2023-10-20 03:29:36.704|29_42317803914672129| DBG |DESKTOP-4PAEICH|pool-1-thread-7|bus.go|100|1|System|Nil|"call Quit error, stack frames :
    Error Message: reflect: Call with too many input arguments
    C:/Users/92346/Desktop/zixel/asset-library/framework/bus/bus.go:100 (0x19b102a)
    C:/Program Files/Go/src/runtime/panic.go:914 (0x8db11e)
    C:/Program Files/Go/src/reflect/value.go:442 (0x9b9d8d)
    C:/Program Files/Go/src/reflect/value.go:380 (0x9b7ef8)
    C:/Users/92346/Desktop/zixel/asset-library/framework/bus/bus.go:104 (0x19b0f84)
    C:/Program Files/Go/src/runtime/asm_amd64.s:1650 (0x90bd20)
"| 
[L]2023-10-20 03:29:36.704|30_42317803914737665| DBG |DESKTOP-4PAEICH|pool-1-thread-5|bus.go|100|1|System|Nil|"call Quit error, stack frames :
    Error Message: reflect: Call with too many input arguments
    C:/Users/92346/Desktop/zixel/asset-library/framework/bus/bus.go:100 (0x19b102a)
    C:/Program Files/Go/src/runtime/panic.go:914 (0x8db11e)
    C:/Program Files/Go/src/reflect/value.go:442 (0x9b9d8d)
    C:/Program Files/Go/src/reflect/value.go:380 (0x9b7ef8)
    C:/Users/92346/Desktop/zixel/asset-library/framework/bus/bus.go:104 (0x19b0f84)
    C:/Program Files/Go/src/runtime/asm_amd64.s:1650 (0x90bd20)
"| 
[L]2023-10-20 03:29:36.707|31_42317803914803201| DBG |DESKTOP-4PAEICH|pool-1-thread-8|bus.go|96|func1|System|Nil|"call log.info args = [grpc server is closeing...]"| 
[L]2023-10-20 03:29:36.709|32_42317803914868737| INF |DESKTOP-4PAEICH|pool-1-thread-8|value.go|596|call|System|Nil|"grpc server is closeing..."| 
[L]2023-10-20 03:29:36.710|33_42317803931318273| DBG |DESKTOP-4PAEICH|pool-1-thread-9|bus.go|96|func1|System|Nil|"call WebServerExited args = []"| 
[L]2023-10-20 03:29:36.710|34_42317803931383809| DBG |DESKTOP-4PAEICH|pool-1-thread-10|bus.go|96|func1|System|Nil|"call log.error args = [http: Server closed]"| 
[L]2023-10-20 03:29:36.712|35_42317803931449345| DBG |DESKTOP-4PAEICH|pool-1-thread-11|bus.go|96|func1|System|Nil|"call log.info args = [Web server is closed. exit code =  0]"| 
[L]2023-10-20 03:29:36.712|36_42317803931514881| INF |DESKTOP-4PAEICH|pool-1-thread-11|value.go|596|call|System|Nil|"Web server is closed. exit code = 0"| 
[L]2023-10-20 03:29:36.710|37_42317803931580417| DBG |DESKTOP-4PAEICH|pool-1-thread-12|bus.go|96|func1|System|Nil|"call log.info args = [web server is closed.]"| 
[L]2023-10-20 03:29:36.713|38_42317803931645953| INF |DESKTOP-4PAEICH|pool-1-thread-12|value.go|596|call|System|Nil|"web server is closed."| 
[L]2023-10-20 03:29:36.712|39_42317803931711489| ERR |DESKTOP-4PAEICH|pool-1-thread-10|value.go|596|call|System|Nil|"http: Server closed"| 
[L]2023-10-20 03:29:36.750|40_42317803998427137| DBG |DESKTOP-4PAEICH|pool-1-thread-13|bus.go|96|func1|System|Nil|"call log.info args = [grpc server is closed.]"| 
[L]2023-10-20 03:29:36.750|41_42317803998492673| DBG |DESKTOP-4PAEICH|pool-1-thread-14|bus.go|96|func1|System|Nil|"call RpcServerExited args = []"| 
[L]2023-10-20 03:29:36.751|42_42317803998558209| INF |DESKTOP-4PAEICH|pool-1-thread-13|value.go|596|call|System|Nil|"grpc server is closed."| 
